Fecha: 03/12/2024 
Hora: 03:51 p. m. 
Archivo: prueba.cpp 

using = Identificador
System = Identificador
; = FinSentencia
using = Identificador
System = Identificador
. = Caracter
Collections = Identificador
. = Caracter
Generic = Identificador
; = FinSentencia
using = Identificador
System = Identificador
. = Caracter
Linq = Identificador
; = FinSentencia
using = Identificador
System = Identificador
. = Caracter
Threading = Identificador
. = Caracter
Tasks = Identificador
; = FinSentencia
static = Identificador
void = Identificador
Main = Identificador
( = Caracter
string = TipoDato
[ = Caracter
] = Caracter
args = Identificador
) = Caracter
{ = InicioBloque
int = TipoDato
x = Identificador
= = Asignacion
1 = Numero
; = FinSentencia
x = Identificador
++ = OperadorTermino
; = FinSentencia
Console = Identificador
. = Caracter
WriteLine = Identificador
( = Caracter
x = Identificador
) = Caracter
; = FinSentencia
int = TipoDato
a = Identificador
= = Asignacion
5 = Numero
; = FinSentencia
int = TipoDato
b = Identificador
= = Asignacion
6 = Numero
; = FinSentencia
Console = Identificador
. = Caracter
WriteLine = Identificador
( = Caracter
a = Identificador
) = Caracter
; = FinSentencia
Console = Identificador
. = Caracter
WriteLine = Identificador
( = Caracter
b = Identificador
) = Caracter
; = FinSentencia
Console = Identificador
. = Caracter
WriteLine = Identificador
( = Caracter
a = Identificador
+ = OperadorTermino
