Fecha: 05/12/2024 
Hora: 07:37 p. m. 
Archivo: prueba.cpp 

using = Identificador
System = Identificador
; = FinSentencia
using = Identificador
System = Identificador
. = Caracter
Collections = Identificador
. = Caracter
Generic = Identificador
; = FinSentencia
using = Identificador
System = Identificador
. = Caracter
Linq = Identificador
; = FinSentencia
using = Identificador
System = Identificador
. = Caracter
Threading = Identificador
. = Caracter
Tasks = Identificador
; = FinSentencia
static = Identificador
void = Identificador
Main = Identificador
( = Caracter
string = TipoDato
[ = Caracter
] = Caracter
args = Identificador
) = Caracter
{ = InicioBloque
int = TipoDato
a = Identificador
= = Asignacion
1 = Numero
; = FinSentencia
while = PalabraReservada
( = Caracter
a = Identificador
